TN:
SF:js\auth.js
FN:2,checkAuth
FN:10,getUserId
FNF:2
FNH:2
FNDA:4,checkAuth
FNDA:4,getUserId
DA:3,4
DA:4,4
DA:5,2
DA:7,2
DA:11,4
DA:12,4
DA:14,3
DA:15,3
DA:16,1
DA:18,2
DA:19,2
DA:24,2
DA:25,2
LF:13
LH:13
BRDA:4,0,0,2
BRDA:4,0,1,2
BRDA:12,1,0,1
BRDA:12,1,1,3
BRF:4
BRH:4
end_of_record
TN:
SF:js\main.js
FN:7,(anonymous_0)
FN:9,(anonymous_1)
FN:14,(anonymous_2)
FN:15,(anonymous_3)
FN:20,(anonymous_4)
FN:34,(anonymous_5)
FN:38,(anonymous_6)
FN:39,(anonymous_7)
FN:54,(anonymous_8)
FN:69,updateQuantity
FN:74,(anonymous_10)
FN:75,(anonymous_11)
FN:78,resetQuantity
FN:85,(anonymous_13)
FN:86,(anonymous_14)
FN:90,(anonymous_15)
FN:95,(anonymous_16)
FN:96,(anonymous_17)
FN:98,(anonymous_18)
FN:115,(anonymous_19)
FN:123,(anonymous_20)
FN:145,(anonymous_21)
FN:169,(anonymous_22)
FN:173,getCategoryListId
FN:191,(anonymous_24)
FN:195,(anonymous_25)
FN:205,(anonymous_26)
FN:213,(anonymous_27)
FN:223,(anonymous_28)
FN:259,(anonymous_29)
FN:268,(anonymous_30)
FN:275,(anonymous_31)
FN:287,(anonymous_32)
FN:290,(anonymous_33)
FN:301,(anonymous_34)
FN:303,(anonymous_35)
FN:321,(anonymous_36)
FN:322,(anonymous_37)
FN:336,(anonymous_38)
FN:343,(anonymous_39)
FN:349,filterMenuItems
FN:357,(anonymous_41)
FN:363,(anonymous_42)
FN:366,(anonymous_43)
FN:378,(anonymous_44)
FN:401,(anonymous_45)
FN:408,navigateToMenu
FN:412,(anonymous_47)
FN:413,(anonymous_48)
FNF:49
FNH:24
FNDA:7,(anonymous_0)
FNDA:28,(anonymous_1)
FNDA:28,(anonymous_2)
FNDA:0,(anonymous_3)
FNDA:0,(anonymous_4)
FNDA:7,(anonymous_5)
FNDA:0,(anonymous_6)
FNDA:0,(anonymous_7)
FNDA:7,(anonymous_8)
FNDA:3,updateQuantity
FNDA:2,(anonymous_10)
FNDA:1,(anonymous_11)
FNDA:3,resetQuantity
FNDA:7,(anonymous_13)
FNDA:7,(anonymous_14)
FNDA:0,(anonymous_15)
FNDA:7,(anonymous_16)
FNDA:7,(anonymous_17)
FNDA:7,(anonymous_18)
FNDA:3,(anonymous_19)
FNDA:3,(anonymous_20)
FNDA:3,(anonymous_21)
FNDA:0,(anonymous_22)
FNDA:7,getCategoryListId
FNDA:1,(anonymous_24)
FNDA:2,(anonymous_25)
FNDA:0,(anonymous_26)
FNDA:0,(anonymous_27)
FNDA:0,(anonymous_28)
FNDA:0,(anonymous_29)
FNDA:0,(anonymous_30)
FNDA:0,(anonymous_31)
FNDA:7,(anonymous_32)
FNDA:0,(anonymous_33)
FNDA:7,(anonymous_34)
FNDA:0,(anonymous_35)
FNDA:7,(anonymous_36)
FNDA:0,(anonymous_37)
FNDA:7,(anonymous_38)
FNDA:0,(anonymous_39)
FNDA:0,filterMenuItems
FNDA:0,(anonymous_41)
FNDA:0,(anonymous_42)
FNDA:0,(anonymous_43)
FNDA:0,(anonymous_44)
FNDA:0,(anonymous_45)
FNDA:0,navigateToMenu
FNDA:0,(anonymous_47)
FNDA:0,(anonymous_48)
DA:1,1
DA:2,1
DA:3,1
DA:7,1
DA:9,7
DA:10,28
DA:13,7
DA:14,7
DA:15,28
DA:16,0
DA:17,0
DA:18,0
DA:19,0
DA:20,0
DA:21,0
DA:23,0
DA:26,0
DA:27,0
DA:34,1
DA:36,7
DA:37,7
DA:38,7
DA:39,0
DA:40,0
DA:41,0
DA:42,0
DA:43,0
DA:44,0
DA:54,1
DA:55,7
DA:56,7
DA:57,7
DA:58,7
DA:59,7
DA:60,7
DA:61,7
DA:62,7
DA:64,7
DA:65,7
DA:66,7
DA:70,3
DA:71,3
DA:74,7
DA:75,7
DA:79,3
DA:80,3
DA:84,7
DA:85,7
DA:87,7
DA:88,7
DA:91,0
DA:94,7
DA:95,7
DA:97,7
DA:98,7
DA:99,7
DA:100,7
DA:107,7
DA:108,7
DA:110,7
DA:111,7
DA:114,7
DA:115,7
DA:116,3
DA:117,3
DA:118,3
DA:119,3
DA:122,3
DA:123,3
DA:125,3
DA:128,3
DA:131,3
DA:132,3
DA:133,3
DA:134,3
DA:136,3
DA:137,3
DA:138,3
DA:141,3
DA:142,3
DA:143,3
DA:145,3
DA:146,3
DA:147,3
DA:148,3
DA:152,3
DA:155,3
DA:157,0
DA:158,0
DA:159,0
DA:162,3
DA:165,0
DA:170,0
DA:174,7
DA:177,7
DA:180,0
DA:182,0
DA:185,0
DA:187,0
DA:191,7
DA:192,1
DA:195,7
DA:197,2
DA:198,1
DA:199,1
DA:200,1
DA:201,1
DA:202,1
DA:205,1
DA:206,0
DA:207,0
DA:209,1
DA:212,1
DA:213,0
DA:219,1
DA:220,1
DA:223,1
DA:224,1
DA:227,1
DA:238,1
DA:241,1
DA:244,1
DA:246,1
DA:247,1
DA:250,1
DA:251,1
DA:252,1
DA:255,1
DA:256,1
DA:259,1
DA:260,0
DA:261,0
DA:264,1
DA:268,1
DA:270,0
DA:274,0
DA:275,0
DA:276,0
DA:282,0
DA:287,1
DA:288,7
DA:289,7
DA:290,0
DA:291,0
DA:292,0
DA:293,0
DA:294,0
DA:295,0
DA:301,1
DA:302,7
DA:303,7
DA:304,0
DA:308,0
DA:309,0
DA:314,0
DA:315,0
DA:321,1
DA:322,7
DA:323,0
DA:324,0
DA:336,1
DA:337,7
DA:338,7
DA:341,7
DA:342,0
DA:343,0
DA:344,0
DA:345,0
DA:350,0
DA:351,0
DA:353,0
DA:354,0
DA:357,0
DA:358,0
DA:361,0
DA:363,0
DA:364,0
DA:366,0
DA:367,0
DA:368,0
DA:369,0
DA:372,0
DA:376,0
DA:378,0
DA:379,0
DA:380,0
DA:382,0
DA:383,0
DA:385,0
DA:386,0
DA:387,0
DA:388,0
DA:390,0
DA:391,0
DA:392,0
DA:395,0
DA:401,0
DA:402,0
DA:409,0
DA:412,1
DA:413,0
DA:414,0
LF:202
LH:117
BRDA:110,0,0,7
BRDA:110,0,1,0
BRDA:133,1,0,3
BRDA:133,1,1,0
BRDA:136,2,0,3
BRDA:136,2,1,0
BRDA:174,3,0,0
BRDA:174,3,1,7
BRDA:174,3,2,0
BRDA:174,3,3,0
BRDA:174,3,4,0
BRDA:174,3,5,0
BRDA:174,3,6,0
BRDA:174,3,7,0
BRDA:197,4,0,1
BRDA:197,4,1,1
BRDA:238,5,0,1
BRDA:238,5,1,1
BRDA:270,6,0,0
BRDA:270,6,1,0
BRDA:271,7,0,0
BRDA:271,7,1,0
BRDA:289,8,0,0
BRDA:289,8,1,7
BRDA:304,9,0,0
BRDA:304,9,1,0
BRDA:305,10,0,0
BRDA:305,10,1,0
BRDA:341,11,0,0
BRDA:341,11,1,7
BRDA:341,12,0,7
BRDA:341,12,1,0
BRDA:361,13,0,0
BRDA:361,13,1,0
BRDA:368,14,0,0
BRDA:368,14,1,0
BRDA:386,15,0,0
BRDA:386,15,1,0
BRDA:387,16,0,0
BRDA:387,16,1,0
BRDA:387,17,0,0
BRDA:387,17,1,0
BRDA:391,18,0,0
BRDA:391,18,1,0
BRF:44
BRH:11
end_of_record
